2021-05-14 11:06:59 INFO  GlobalStepDefinition:24 - Inside Setup method
2021-05-14 11:06:59 INFO  SeleniumUtil:56 - Inside static block
2021-05-14 11:06:59 INFO  GlobalStepDefinition:32 - user navigates to login page
2021-05-14 11:07:01 INFO  SeleniumUtil:146 - Inside maximizeBrowser Method
2021-05-14 11:07:01 INFO  SeleniumUtil:162 - Inside getConfigProperties Method
2021-05-14 11:07:01 INFO  SeleniumUtil:157 - Inside launchApplication with url Method
2021-05-14 11:07:11 INFO  SeleniumUtil:213 -  print the sysc time 30
2021-05-14 11:07:11 DEBUG SeleniumUtil:174 - inside getWebElement by method
2021-05-14 11:07:11 DEBUG SeleniumUtil:167 - inside getWebElement
2021-05-14 11:07:11 DEBUG SeleniumUtil:167 - inside getWebElement
2021-05-14 11:07:11 DEBUG SeleniumUtil:167 - inside getWebElement
2021-05-14 11:07:13 DEBUG SeleniumUtil:167 - inside getWebElement
2021-05-14 11:07:13 INFO  SeleniumUtil:278 - Inside selectWebList
2021-05-14 11:07:13 DEBUG SeleniumUtil:285 - Selected by-selectByVisibleText
2021-05-14 11:07:13 INFO  SeleniumUtil:278 - Inside selectWebList
2021-05-14 11:07:13 DEBUG SeleniumUtil:285 - Selected by-selectByVisibleText
2021-05-14 11:07:13 INFO  SeleniumUtil:278 - Inside selectWebList
2021-05-14 11:07:13 DEBUG SeleniumUtil:285 - Selected by-selectByVisibleText
2021-05-14 11:07:13 DEBUG SeleniumUtil:167 - inside getWebElement
2021-05-14 11:07:13 DEBUG SeleniumUtil:167 - inside getWebElement
2021-05-14 11:07:15 INFO  GlobalStepDefinition:48 - Inside Teardown method
