2021-05-14 12:55:50 INFO  GlobalStepDefinition:24 - Inside Setup method
2021-05-14 12:55:50 INFO  SeleniumUtil:56 - Inside static block
2021-05-14 12:55:50 INFO  GlobalStepDefinition:32 - user navigates to login page
2021-05-14 12:55:52 INFO  SeleniumUtil:146 - Inside maximizeBrowser Method
2021-05-14 12:55:52 INFO  SeleniumUtil:162 - Inside getConfigProperties Method
2021-05-14 12:55:52 INFO  SeleniumUtil:157 - Inside launchApplication with url Method
2021-05-14 12:56:00 INFO  SeleniumUtil:213 -  print the sysc time 30
2021-05-14 12:56:00 DEBUG SeleniumUtil:174 - inside getWebElement by method
2021-05-14 12:56:01 DEBUG SeleniumUtil:167 - inside getWebElement
2021-05-14 12:56:01 DEBUG SeleniumUtil:167 - inside getWebElement
2021-05-14 12:56:01 DEBUG SeleniumUtil:167 - inside getWebElement
2021-05-14 12:56:03 DEBUG SeleniumUtil:167 - inside getWebElement
2021-05-14 12:56:03 INFO  SeleniumUtil:278 - Inside selectWebList
2021-05-14 12:56:03 DEBUG SeleniumUtil:285 - Selected by-selectByVisibleText
2021-05-14 12:56:03 INFO  SeleniumUtil:278 - Inside selectWebList
2021-05-14 12:56:03 DEBUG SeleniumUtil:285 - Selected by-selectByVisibleText
2021-05-14 12:56:03 INFO  SeleniumUtil:278 - Inside selectWebList
2021-05-14 12:56:03 DEBUG SeleniumUtil:285 - Selected by-selectByVisibleText
2021-05-14 12:56:03 DEBUG SeleniumUtil:167 - inside getWebElement
2021-05-14 12:56:03 DEBUG SeleniumUtil:167 - inside getWebElement
2021-05-14 12:56:05 DEBUG SeleniumUtil:167 - inside getWebElement
2021-05-14 12:56:05 DEBUG SeleniumUtil:167 - inside getWebElement
2021-05-14 12:56:05 DEBUG SeleniumUtil:167 - inside getWebElement
2021-05-14 12:56:06 DEBUG SeleniumUtil:167 - inside getWebElement
2021-05-14 12:56:06 DEBUG SeleniumUtil:167 - inside getWebElement
2021-05-14 12:56:08 INFO  SeleniumUtil:335 - inside robotUploadFile method
2021-05-14 12:56:11 INFO  SeleniumUtil:259 - Inside ValidateWebElementPresence method
2021-05-14 12:56:11 INFO  SeleniumUtil:247 - Inside objExplicitWait method
2021-05-14 12:56:15 DEBUG SeleniumUtil:167 - inside getWebElement
2021-05-14 12:56:16 DEBUG SeleniumUtil:167 - inside getWebElement
2021-05-14 12:56:18 DEBUG SeleniumUtil:167 - inside getWebElement
2021-05-14 12:56:18 DEBUG SeleniumUtil:167 - inside getWebElement
2021-05-14 12:56:18 DEBUG SeleniumUtil:167 - inside getWebElement
2021-05-14 12:56:18 DEBUG SeleniumUtil:167 - inside getWebElement
2021-05-14 12:56:18 DEBUG SeleniumUtil:167 - inside getWebElement
2021-05-14 12:56:26 DEBUG SeleniumUtil:174 - inside getWebElement by method
2021-05-14 12:56:28 DEBUG SeleniumUtil:174 - inside getWebElement by method
2021-05-14 12:56:29 DEBUG SeleniumUtil:174 - inside getWebElement by method
2021-05-14 12:56:29 DEBUG SeleniumUtil:174 - inside getWebElement by method
2021-05-14 12:56:29 DEBUG SeleniumUtil:174 - inside getWebElement by method
2021-05-14 12:56:59 INFO  GlobalStepDefinition:48 - Inside Teardown method
2021-05-14 12:56:59 DEBUG GlobalStepDefinition:51 - ###################  i am inside screen shot after fail ####################
