2021-05-14 16:58:37 INFO  GlobalStepDefinition:24 - Inside Setup method
2021-05-14 16:58:37 INFO  SeleniumUtil:62 - Inside static block
2021-05-14 16:58:37 INFO  GlobalStepDefinition:32 - user navigates to login page
2021-05-14 16:58:39 INFO  SeleniumUtil:156 - Inside maximizeBrowser Method
2021-05-14 16:58:39 INFO  SeleniumUtil:172 - Inside getConfigProperties Method
2021-05-14 16:58:39 INFO  SeleniumUtil:167 - Inside launchApplication with url Method
2021-05-14 16:58:52 INFO  SeleniumUtil:223 -  print the sysc time 30
2021-05-14 16:58:52 DEBUG SeleniumUtil:184 - inside getWebElement by method
2021-05-14 16:58:52 DEBUG SeleniumUtil:177 - inside getWebElement
2021-05-14 16:58:52 DEBUG SeleniumUtil:177 - inside getWebElement
2021-05-14 16:58:54 DEBUG SeleniumUtil:177 - inside getWebElement
2021-05-14 16:58:55 DEBUG SeleniumUtil:177 - inside getWebElement
2021-05-14 16:58:55 INFO  SeleniumUtil:288 - Inside selectWebList
2021-05-14 16:58:55 DEBUG SeleniumUtil:295 - Selected by-selectByVisibleText
2021-05-14 16:58:55 INFO  SeleniumUtil:288 - Inside selectWebList
2021-05-14 16:58:55 DEBUG SeleniumUtil:295 - Selected by-selectByVisibleText
2021-05-14 16:58:55 INFO  SeleniumUtil:288 - Inside selectWebList
2021-05-14 16:58:55 DEBUG SeleniumUtil:295 - Selected by-selectByVisibleText
2021-05-14 16:58:55 DEBUG SeleniumUtil:177 - inside getWebElement
2021-05-14 16:58:55 DEBUG SeleniumUtil:177 - inside getWebElement
2021-05-14 16:58:57 DEBUG SeleniumUtil:177 - inside getWebElement
2021-05-14 16:58:57 DEBUG SeleniumUtil:177 - inside getWebElement
2021-05-14 16:58:57 DEBUG SeleniumUtil:177 - inside getWebElement
2021-05-14 16:58:58 DEBUG SeleniumUtil:177 - inside getWebElement
2021-05-14 16:58:58 DEBUG SeleniumUtil:177 - inside getWebElement
2021-05-14 16:59:00 INFO  SeleniumUtil:345 - inside robotUploadFile method
2021-05-14 16:59:03 INFO  SeleniumUtil:269 - Inside ValidateWebElementPresence method
2021-05-14 16:59:03 INFO  SeleniumUtil:257 - Inside objExplicitWait method
2021-05-14 16:59:07 DEBUG SeleniumUtil:177 - inside getWebElement
2021-05-14 16:59:07 DEBUG SeleniumUtil:177 - inside getWebElement
2021-05-14 16:59:10 DEBUG SeleniumUtil:177 - inside getWebElement
2021-05-14 16:59:10 DEBUG SeleniumUtil:177 - inside getWebElement
2021-05-14 16:59:10 DEBUG SeleniumUtil:177 - inside getWebElement
2021-05-14 16:59:10 DEBUG SeleniumUtil:177 - inside getWebElement
2021-05-14 16:59:10 DEBUG SeleniumUtil:177 - inside getWebElement
2021-05-14 16:59:40 INFO  GlobalStepDefinition:48 - Inside Teardown method
2021-05-14 16:59:40 DEBUG GlobalStepDefinition:51 - ###################  i am inside screen shot after fail ####################
