2021-05-14 09:41:40 INFO  GlobalStepDefinition:22 - Inside Setup method
2021-05-14 09:41:40 INFO  SeleniumUtil:56 - Inside static block
2021-05-14 09:41:41 INFO  GlobalStepDefinition:30 - user navigates to login page
2021-05-14 09:41:43 INFO  SeleniumUtil:146 - Inside maximizeBrowser Method
2021-05-14 09:41:43 INFO  SeleniumUtil:162 - Inside getConfigProperties Method
2021-05-14 09:41:43 INFO  SeleniumUtil:157 - Inside launchApplication with url Method
2021-05-14 09:41:46 INFO  SeleniumUtil:213 -  print the sysc time 30
2021-05-14 09:41:46 INFO  GlobalStepDefinition:45 - Inside Teardown method
2021-05-14 09:41:46 INFO  SeleniumUtil:200 - ############################# Inside CloseBrowser #############################
2021-05-14 09:41:47 DEBUG SeleniumUtil:203 - ###################   Closed Browser #############################
2021-05-14 09:41:47 INFO  SeleniumUtil:140 - Inside setDriver Method
2021-05-14 09:42:00 INFO  GlobalStepDefinition:22 - Inside Setup method
2021-05-14 09:42:00 INFO  SeleniumUtil:56 - Inside static block
2021-05-14 09:42:00 INFO  GlobalStepDefinition:30 - user navigates to login page
2021-05-14 09:42:02 INFO  SeleniumUtil:146 - Inside maximizeBrowser Method
2021-05-14 09:42:02 INFO  SeleniumUtil:162 - Inside getConfigProperties Method
2021-05-14 09:42:02 INFO  SeleniumUtil:157 - Inside launchApplication with url Method
2021-05-14 09:42:02 INFO  SeleniumUtil:213 -  print the sysc time 30
2021-05-14 09:42:02 INFO  GlobalStepDefinition:45 - Inside Teardown method
2021-05-14 09:42:02 INFO  SeleniumUtil:200 - ############################# Inside CloseBrowser #############################
2021-05-14 09:42:03 DEBUG SeleniumUtil:203 - ###################   Closed Browser #############################
2021-05-14 09:42:03 INFO  SeleniumUtil:140 - Inside setDriver Method
