2021-05-14 17:00:46 INFO  GlobalStepDefinition:24 - Inside Setup method
2021-05-14 17:00:46 INFO  SeleniumUtil:62 - Inside static block
2021-05-14 17:00:47 INFO  GlobalStepDefinition:32 - user navigates to login page
2021-05-14 17:00:49 INFO  SeleniumUtil:156 - Inside maximizeBrowser Method
2021-05-14 17:00:49 INFO  SeleniumUtil:172 - Inside getConfigProperties Method
2021-05-14 17:00:49 INFO  SeleniumUtil:167 - Inside launchApplication with url Method
2021-05-14 17:00:56 INFO  SeleniumUtil:223 -  print the sysc time 30
2021-05-14 17:00:56 DEBUG SeleniumUtil:184 - inside getWebElement by method
2021-05-14 17:00:56 DEBUG SeleniumUtil:177 - inside getWebElement
2021-05-14 17:00:56 DEBUG SeleniumUtil:177 - inside getWebElement
2021-05-14 17:00:58 DEBUG SeleniumUtil:177 - inside getWebElement
2021-05-14 17:00:58 DEBUG SeleniumUtil:177 - inside getWebElement
2021-05-14 17:00:58 INFO  SeleniumUtil:288 - Inside selectWebList
2021-05-14 17:00:59 DEBUG SeleniumUtil:295 - Selected by-selectByVisibleText
2021-05-14 17:00:59 INFO  SeleniumUtil:288 - Inside selectWebList
2021-05-14 17:00:59 DEBUG SeleniumUtil:295 - Selected by-selectByVisibleText
2021-05-14 17:00:59 INFO  SeleniumUtil:288 - Inside selectWebList
2021-05-14 17:00:59 DEBUG SeleniumUtil:295 - Selected by-selectByVisibleText
2021-05-14 17:00:59 DEBUG SeleniumUtil:177 - inside getWebElement
2021-05-14 17:00:59 DEBUG SeleniumUtil:177 - inside getWebElement
2021-05-14 17:01:01 DEBUG SeleniumUtil:177 - inside getWebElement
2021-05-14 17:01:01 DEBUG SeleniumUtil:177 - inside getWebElement
2021-05-14 17:01:01 DEBUG SeleniumUtil:177 - inside getWebElement
2021-05-14 17:01:02 DEBUG SeleniumUtil:177 - inside getWebElement
2021-05-14 17:01:02 DEBUG SeleniumUtil:177 - inside getWebElement
2021-05-14 17:01:04 INFO  SeleniumUtil:345 - inside robotUploadFile method
2021-05-14 17:01:07 INFO  SeleniumUtil:269 - Inside ValidateWebElementPresence method
2021-05-14 17:01:07 INFO  SeleniumUtil:257 - Inside objExplicitWait method
2021-05-14 17:01:11 DEBUG SeleniumUtil:177 - inside getWebElement
2021-05-14 17:01:12 DEBUG SeleniumUtil:177 - inside getWebElement
2021-05-14 17:01:14 DEBUG SeleniumUtil:177 - inside getWebElement
2021-05-14 17:01:14 DEBUG SeleniumUtil:177 - inside getWebElement
2021-05-14 17:01:14 DEBUG SeleniumUtil:177 - inside getWebElement
2021-05-14 17:01:14 DEBUG SeleniumUtil:177 - inside getWebElement
2021-05-14 17:01:14 DEBUG SeleniumUtil:177 - inside getWebElement
2021-05-14 17:01:44 INFO  GlobalStepDefinition:48 - Inside Teardown method
2021-05-14 17:01:44 DEBUG GlobalStepDefinition:51 - ###################  i am inside screen shot after fail ####################
