2021-05-14 13:10:46 INFO  GlobalStepDefinition:24 - Inside Setup method
2021-05-14 13:10:46 INFO  SeleniumUtil:56 - Inside static block
2021-05-14 13:10:47 INFO  GlobalStepDefinition:32 - user navigates to login page
2021-05-14 13:10:48 INFO  SeleniumUtil:146 - Inside maximizeBrowser Method
2021-05-14 13:10:49 INFO  SeleniumUtil:162 - Inside getConfigProperties Method
2021-05-14 13:10:49 INFO  SeleniumUtil:157 - Inside launchApplication with url Method
2021-05-14 13:10:57 INFO  SeleniumUtil:213 -  print the sysc time 30
2021-05-14 13:10:57 DEBUG SeleniumUtil:174 - inside getWebElement by method
2021-05-14 13:10:57 DEBUG SeleniumUtil:167 - inside getWebElement
2021-05-14 13:10:57 DEBUG SeleniumUtil:167 - inside getWebElement
2021-05-14 13:10:59 DEBUG SeleniumUtil:167 - inside getWebElement
2021-05-14 13:10:59 DEBUG SeleniumUtil:167 - inside getWebElement
2021-05-14 13:11:00 INFO  SeleniumUtil:278 - Inside selectWebList
2021-05-14 13:11:00 DEBUG SeleniumUtil:285 - Selected by-selectByVisibleText
2021-05-14 13:11:00 INFO  SeleniumUtil:278 - Inside selectWebList
2021-05-14 13:11:00 DEBUG SeleniumUtil:285 - Selected by-selectByVisibleText
2021-05-14 13:11:00 INFO  SeleniumUtil:278 - Inside selectWebList
2021-05-14 13:11:00 DEBUG SeleniumUtil:285 - Selected by-selectByVisibleText
2021-05-14 13:11:00 DEBUG SeleniumUtil:167 - inside getWebElement
2021-05-14 13:11:00 DEBUG SeleniumUtil:167 - inside getWebElement
2021-05-14 13:11:02 DEBUG SeleniumUtil:167 - inside getWebElement
2021-05-14 13:11:02 DEBUG SeleniumUtil:167 - inside getWebElement
2021-05-14 13:11:02 DEBUG SeleniumUtil:167 - inside getWebElement
2021-05-14 13:11:03 DEBUG SeleniumUtil:167 - inside getWebElement
2021-05-14 13:11:03 DEBUG SeleniumUtil:167 - inside getWebElement
2021-05-14 13:11:05 INFO  SeleniumUtil:335 - inside robotUploadFile method
2021-05-14 13:11:08 INFO  SeleniumUtil:259 - Inside ValidateWebElementPresence method
2021-05-14 13:11:08 INFO  SeleniumUtil:247 - Inside objExplicitWait method
2021-05-14 13:11:12 DEBUG SeleniumUtil:167 - inside getWebElement
2021-05-14 13:11:12 DEBUG SeleniumUtil:167 - inside getWebElement
2021-05-14 13:11:14 DEBUG SeleniumUtil:167 - inside getWebElement
2021-05-14 13:11:14 DEBUG SeleniumUtil:167 - inside getWebElement
2021-05-14 13:11:14 DEBUG SeleniumUtil:167 - inside getWebElement
2021-05-14 13:11:15 DEBUG SeleniumUtil:167 - inside getWebElement
2021-05-14 13:11:15 DEBUG SeleniumUtil:167 - inside getWebElement
2021-05-14 13:11:21 DEBUG SeleniumUtil:174 - inside getWebElement by method
2021-05-14 13:11:23 DEBUG SeleniumUtil:174 - inside getWebElement by method
2021-05-14 13:11:23 DEBUG SeleniumUtil:174 - inside getWebElement by method
2021-05-14 13:11:23 DEBUG SeleniumUtil:174 - inside getWebElement by method
2021-05-14 13:11:24 DEBUG SeleniumUtil:174 - inside getWebElement by method
2021-05-14 13:11:24 DEBUG SeleniumUtil:174 - inside getWebElement by method
2021-05-14 13:11:24 INFO  GlobalStepDefinition:48 - Inside Teardown method
2021-05-14 13:11:24 DEBUG GlobalStepDefinition:51 - ###################  i am inside screen shot after fail ####################
