2021-05-14 12:49:22 INFO  GlobalStepDefinition:24 - Inside Setup method
2021-05-14 12:49:22 INFO  SeleniumUtil:56 - Inside static block
2021-05-14 12:49:23 INFO  GlobalStepDefinition:32 - user navigates to login page
2021-05-14 12:49:24 INFO  SeleniumUtil:146 - Inside maximizeBrowser Method
2021-05-14 12:49:25 INFO  SeleniumUtil:162 - Inside getConfigProperties Method
2021-05-14 12:49:25 INFO  SeleniumUtil:157 - Inside launchApplication with url Method
2021-05-14 12:49:33 INFO  SeleniumUtil:213 -  print the sysc time 30
2021-05-14 12:49:33 DEBUG SeleniumUtil:174 - inside getWebElement by method
2021-05-14 12:49:33 DEBUG SeleniumUtil:167 - inside getWebElement
2021-05-14 12:49:33 DEBUG SeleniumUtil:167 - inside getWebElement
2021-05-14 12:49:33 DEBUG SeleniumUtil:167 - inside getWebElement
2021-05-14 12:49:35 DEBUG SeleniumUtil:167 - inside getWebElement
2021-05-14 12:49:35 INFO  SeleniumUtil:278 - Inside selectWebList
2021-05-14 12:49:35 DEBUG SeleniumUtil:285 - Selected by-selectByVisibleText
2021-05-14 12:49:35 INFO  SeleniumUtil:278 - Inside selectWebList
2021-05-14 12:49:35 DEBUG SeleniumUtil:285 - Selected by-selectByVisibleText
2021-05-14 12:49:35 INFO  SeleniumUtil:278 - Inside selectWebList
2021-05-14 12:49:35 DEBUG SeleniumUtil:285 - Selected by-selectByVisibleText
2021-05-14 12:49:35 DEBUG SeleniumUtil:167 - inside getWebElement
2021-05-14 12:49:35 DEBUG SeleniumUtil:167 - inside getWebElement
2021-05-14 12:50:05 INFO  GlobalStepDefinition:48 - Inside Teardown method
2021-05-14 12:50:05 DEBUG GlobalStepDefinition:51 - ###################  i am inside screen shot after fail ####################
